0 verbose cli E:\nodejs\node.exe E:\nodejs\node_modules\npm\bin\npm-cli.js
1 info using npm@10.2.4
2 info using node@v20.11.0
3 timing npm:load:whichnode Completed in 1ms
4 timing config:load:defaults Completed in 1ms
5 timing config:load:file:E:\nodejs\node_modules\npm\npmrc Completed in 3ms
6 timing config:load:builtin Completed in 3ms
7 timing config:load:cli Completed in 1ms
8 timing config:load:env Completed in 1ms
9 timing config:load:file:D:\ssssllll\item、\aiw-main\aiw-main\.npmrc Completed in 0ms
10 timing config:load:project Completed in 0ms
11 timing config:load:file:C:\Users\18517\.npmrc Completed in 1ms
12 timing config:load:user Completed in 1ms
13 timing config:load:file:D:\nodejs\node_global\etc\npmrc Completed in 0ms
14 timing config:load:global Completed in 0ms
15 timing config:load:setEnvs Completed in 0ms
16 timing config:load Completed in 7ms
17 timing npm:load:configload Completed in 7ms
18 timing config:load:flatten Completed in 1ms
19 timing npm:load:mkdirpcache Completed in 1ms
20 timing npm:load:mkdirplogs Completed in 0ms
21 verbose title npm install https-proxy-agent
22 verbose argv "install" "https-proxy-agent" "--cache" ".npm-cache"
23 timing npm:load:setTitle Completed in 0ms
24 timing npm:load:display Completed in 1ms
25 verbose logfile logs-max:10 dir:D:\ssssllll\item、\aiw-main\aiw-main\.npm-cache\_logs\2026-03-24T09_33_55_471Z-
26 verbose logfile D:\ssssllll\item、\aiw-main\aiw-main\.npm-cache\_logs\2026-03-24T09_33_55_471Z-debug-0.log
27 timing npm:load:logFile Completed in 5ms
28 timing npm:load:timers Completed in 0ms
29 timing npm:load:configScope Completed in 0ms
30 timing npm:load Completed in 33ms
31 timing arborist:ctor Completed in 0ms
32 silly logfile done cleaning log files
33 timing arborist:ctor Completed in 0ms
34 http fetch GET 200 https://registry.npmmirror.com/npm 2070ms (cache miss)
35 timing idealTree:init Completed in 6450ms
36 timing idealTree:userRequests Completed in 1ms
37 silly idealTree buildDeps
38 silly fetch manifest https-proxy-agent@*
39 http fetch GET 200 https://registry.npmmirror.com/https-proxy-agent 1290ms (cache miss)
40 silly placeDep ROOT https-proxy-agent@8.0.0 OK for: Essmote AI-template-one@2.3.1 want: *
41 timing idealTree Completed in 7787ms
42 timing command:install Completed in 7837ms
43 notice
43 notice New major version of npm available! 10.2.4 -> 11.12.0
43 notice Changelog: <https://github.com/npm/cli/releases/tag/v11.12.0>
43 notice Run `npm install -g npm@11.12.0` to update!
43 notice
44 verbose stack TypeError: Cannot read properties of null (reading 'matches')
44 verbose stack     at Link.matches (E:\nodejs\node_modules\npm\node_modules\@npmcli\arborist\lib\node.js:1115:41)
44 verbose stack     at Link.canDedupe (E:\nodejs\node_modules\npm\node_modules\@npmcli\arborist\lib\node.js:1069:15)
44 verbose stack     at PlaceDep.pruneDedupable (E:\nodejs\node_modules\npm\node_modules\@npmcli\arborist\lib\place-dep.js:426:14)
44 verbose stack     at new PlaceDep (E:\nodejs\node_modules\npm\node_modules\@npmcli\arborist\lib\place-dep.js:278:14)
44 verbose stack     at #buildDepStep (E:\nodejs\node_modules\npm\node_modules\@npmcli\arborist\lib\arborist\build-ideal-tree.js:933:18)
44 verbose stack     at async Arborist.buildIdealTree (E:\nodejs\node_modules\npm\node_modules\@npmcli\arborist\lib\arborist\build-ideal-tree.js:196:7)
44 verbose stack     at async Promise.all (index 1)
44 verbose stack     at async Arborist.reify (E:\nodejs\node_modules\npm\node_modules\@npmcli\arborist\lib\arborist\reify.js:159:5)
44 verbose stack     at async Install.exec (E:\nodejs\node_modules\npm\lib\commands\install.js:152:5)
44 verbose stack     at async module.exports (E:\nodejs\node_modules\npm\lib\cli-entry.js:61:5)
45 verbose cwd D:\ssssllll\item、\aiw-main\aiw-main
46 verbose Windows_NT 10.0.22631
47 verbose node v20.11.0
48 verbose npm  v10.2.4
49 error Cannot read properties of null (reading 'matches')
50 verbose exit 1
51 timing npm Completed in 8110ms
52 verbose unfinished npm timer reify 1774344835739
53 verbose unfinished npm timer reify:loadTrees 1774344835785
54 verbose unfinished npm timer idealTree:buildDeps 1774344842238
55 verbose unfinished npm timer idealTree:#root 1774344842238
56 verbose code 1
57 error A complete log of this run can be found in: D:\ssssllll\item、\aiw-main\aiw-main\.npm-cache\_logs\2026-03-24T09_33_55_471Z-debug-0.log
